<?xml version="1.0" encoding="UTF-8"?>
<!-- Generated by org.testng.reporters.JUnitReportReporter -->
<testsuite hostname="DESKTOP-S4I1B9H" failures="0" tests="1" name="MyBasics.PageScroller" time="42.673" errors="0" timestamp="2020-10-27T13:42:17 IST" skipped="0">
  <testcase classname="MyBasics.PageScroller" name="scrollpage" time="42.673"/>
  <system-out/>
</testsuite> <!-- MyBasics.PageScroller -->
