<?xml version="1.0" encoding="UTF-8"?>
<!-- Generated by org.testng.reporters.JUnitReportReporter -->
<testsuite hostname="DESKTOP-S4I1B9H" failures="0" tests="1" name="MyBasics.Prperties" time="0.010" errors="0" timestamp="2020-10-22T20:52:24 IST" skipped="0">
  <testcase classname="MyBasics.Prperties" name="readproperties" time="0.010"/>
  <system-out/>
</testsuite> <!-- MyBasics.Prperties -->
