<?xml version="1.0" encoding="UTF-8"?>
<!-- Generated by org.testng.reporters.JUnitReportReporter -->
<testsuite hostname="DESKTOP-S4I1B9H" failures="0" tests="1" name="MyBasics.HeadlessBrowser" time="6.823" errors="0" timestamp="2020-10-23T09:48:02 IST" skipped="0">
  <testcase classname="MyBasics.HeadlessBrowser" name="HeadlessTest" time="6.823"/>
  <system-out/>
</testsuite> <!-- MyBasics.HeadlessBrowser -->
