<?xml version="1.0" encoding="UTF-8"?>
<!-- Generated by org.testng.reporters.JUnitReportReporter -->
<testsuite hostname="DESKTOP-S4I1B9H" failures="0" tests="1" name="MyBasics.HtmlHeadLessBrowser" time="30.602" errors="0" timestamp="2020-10-27T10:51:30 IST" skipped="0">
  <testcase classname="MyBasics.HtmlHeadLessBrowser" name="headlesstest" time="30.602"/>
  <system-out/>
</testsuite> <!-- MyBasics.HtmlHeadLessBrowser -->
